#
# There is insufficient memory for the Java Runtime Environment to continue.
# Native memory allocation (mmap) failed to map 202375168 bytes for G1 virtual space
# Possible reasons:
#   The system is out of physical RAM or swap space
#   The process is running with CompressedOops enabled, and the Java Heap may be blocking the growth of the native heap
# Possible solutions:
#   Reduce memory load on the system
#   Increase physical memory or swap space
#   Check if swap backing store is full
#   Decrease Java heap size (-Xmx/-Xms)
#   Decrease number of Java threads
#   Decrease Java thread stack sizes (-Xss)
#   Set larger code cache with -XX:ReservedCodeCacheSize=
#   JVM is running with Unscaled Compressed Oops mode in which the Java heap is
#     placed in the first 4GB address space. The Java Heap base address is the
#     maximum limit for the native heap growth. Please use -XX:HeapBaseMinAddress
#     to set the Java Heap base and to place the Java Heap above 4GB virtual address.
# This output file may be truncated or incomplete.
#
#  Out of Memory Error (./open/src/hotspot/os/windows/os_windows.cpp:3472), pid=10708, tid=4092
#
# JRE version: OpenJDK Runtime Environment (15.0+36) (build 15+36-1562)
# Java VM: OpenJDK 64-Bit Server VM (15+36-1562, mixed mode, sharing, tiered, compressed oops, g1 gc, windows-amd64)
# No core dump will be written. Minidumps are not enabled by default on client versions of Windows
#

---------------  S U M M A R Y ------------

Command Line: org.jetbrains.kotlin.cli.js.dce.K2JSDce @C:\rest\client\build\20220406_13887990728843341096.compiler.options

Host: AMD Ryzen 5 3500U with Radeon Vega Mobile Gfx  , 8 cores, 5G,  Windows 10 , 64 bit Build 19041 (10.0.19041.1566)
Time: Wed Apr  6 22:21:59 2022 ќмское стандартное врем€ elapsed time: 3.496548 seconds (0d 0h 0m 3s)

---------------  T H R E A D  ---------------

Current thread (0x000001efee92ea90):  VMThread "VM Thread" [stack: 0x0000004dc5000000,0x0000004dc5100000] [id=4092]

Stack: [0x0000004dc5000000,0x0000004dc5100000]
[error occurred during error reporting (printing stack bounds), id 0xc0000005, EXCEPTION_ACCESS_VIOLATION (0xc0000005) at pc=0x000001ef800010ad]

Native frames: (J=compiled Java code, j=interpreted, Vv=VM code, C=native code)
V  [jvm.dll+0x629eaa]
V  [jvm.dll+0x780379]
V  [jvm.dll+0x781ad3]
V  [jvm.dll+0x782095]
V  [jvm.dll+0x78204b]
V  [jvm.dll+0x629379]
V  [jvm.dll+0x629b48]
C  [ntdll.dll+0xa20cf]
C  [ntdll.dll+0x51454]
C  [ntdll.dll+0xa0bfe]
C  0x000001ef800010ad

VM_Operation (0x0000004dc4afbad0): G1CollectForAllocation, mode: safepoint, requested by thread 0x000001efee850410


---------------  P R O C E S S  ---------------

Threads class SMR info:
_java_thread_list=0x000001effd0880a0, length=12, elements={
0x000001efee850410, 0x000001effd04f780, 0x000001effd050960, 0x000001effd06f430,
0x000001effd06fdf0, 0x000001effd070cb0, 0x000001effd072aa0, 0x000001effd07c2e0,
0x000001effd08a830, 0x000001effdabc650, 0x000001effdac9fe0, 0x000001effdad3860
}

Java Threads: ( => current thread )
  0x000001efee850410 JavaThread "main" [_thread_blocked, id=17560, stack(0x0000004dc4a00000,0x0000004dc4b00000)]
  0x000001effd04f780 JavaThread "Reference Handler" daemon [_thread_blocked, id=13532, stack(0x0000004dc5100000,0x0000004dc5200000)]
  0x000001effd050960 JavaThread "Finalizer" daemon [_thread_blocked, id=18068, stack(0x0000004dc5200000,0x0000004dc5300000)]
  0x000001effd06f430 JavaThread "Signal Dispatcher" daemon [_thread_blocked, id=18844, stack(0x0000004dc5300000,0x0000004dc5400000)]
  0x000001effd06fdf0 JavaThread "Attach Listener" daemon [_thread_blocked, id=16824, stack(0x0000004dc5400000,0x0000004dc5500000)]
  0x000001effd070cb0 JavaThread "Service Thread" daemon [_thread_blocked, id=3504, stack(0x0000004dc5500000,0x0000004dc5600000)]
  0x000001effd072aa0 JavaThread "C2 CompilerThread0" daemon [_thread_in_native, id=13316, stack(0x0000004dc5600000,0x0000004dc5700000)]
  0x000001effd07c2e0 JavaThread "C1 CompilerThread0" daemon [_thread_blocked, id=8396, stack(0x0000004dc5700000,0x0000004dc5800000)]
  0x000001effd08a830 JavaThread "Sweeper thread" daemon [_thread_blocked, id=9896, stack(0x0000004dc5800000,0x0000004dc5900000)]
  0x000001effdabc650 JavaThread "Notification Thread" daemon [_thread_blocked, id=16336, stack(0x0000004dc5900000,0x0000004dc5a00000)]
  0x000001effdac9fe0 JavaThread "Common-Cleaner" daemon [_thread_blocked, id=16036, stack(0x0000004dc5b00000,0x0000004dc5c00000)]
  0x000001effdad3860 JavaThread "C2 CompilerThread1" daemon [_thread_blocked, id=17344, stack(0x0000004dc5c00000,0x0000004dc5d00000)]

Other Threads:
=>0x000001efee92ea90 VMThread "VM Thread" [stack: 0x0000004dc5000000,0x0000004dc5100000] [id=4092]
  0x000001effdac8b20 WatcherThread [stack: 0x0000004dc5a00000,0x0000004dc5b00000] [id=17512]
  0x000001efee88b7e0 GCTaskThread "GC Thread#0" [stack: 0x0000004dc4b00000,0x0000004dc4c00000] [id=18488]
  0x000001effdbef570 GCTaskThread "GC Thread#1" [stack: 0x0000004dc5d00000,0x0000004dc5e00000] [id=12688]
  0x000001effdbed8c0 GCTaskThread "GC Thread#2" [stack: 0x0000004dc6300000,0x0000004dc6400000] [id=12444]
  0x000001effdbee580 GCTaskThread "GC Thread#3" [stack: 0x0000004dc6400000,0x0000004dc6500000] [id=12404]
  0x000001efee8988f0 ConcurrentGCThread "G1 Main Marker" [stack: 0x0000004dc4c00000,0x0000004dc4d00000] [id=14908]
  0x000001efee899d00 ConcurrentGCThread "G1 Conc#0" [stack: 0x0000004dc4d00000,0x0000004dc4e00000] [id=18652]
  0x000001effdbee8b0 ConcurrentGCThread "G1 Conc#1" [stack: 0x0000004dc6500000,0x0000004dc6600000] [id=19428]
  0x000001efee9102b0 ConcurrentGCThread "G1 Refine#0" [stack: 0x0000004dc4e00000,0x0000004dc4f00000] [id=15260]
  0x000001effe362090 ConcurrentGCThread "G1 Refine#1" [stack: 0x0000004dc5e00000,0x0000004dc5f00000] [id=3484]
  0x000001efff2322d0 ConcurrentGCThread "G1 Refine#2" [stack: 0x0000004dc5f00000,0x0000004dc6000000] [id=5368]
  0x000001efff114980 ConcurrentGCThread "G1 Refine#3" [stack: 0x0000004dc6000000,0x0000004dc6100000] [id=5200]
  0x000001effe3c4740 ConcurrentGCThread "G1 Refine#4" [stack: 0x0000004dc6100000,0x0000004dc6200000] [id=19076]
  0x000001effe3c4aa0 ConcurrentGCThread "G1 Refine#5" [stack: 0x0000004dc6200000,0x0000004dc6300000] [id=9708]
  0x000001efee910bf0 ConcurrentGCThread "G1 Young RemSet Sampling" [stack: 0x0000004dc4f00000,0x0000004dc5000000] [id=18752]

Threads with active compile tasks:
C2 CompilerThread0     3517 1326       4       org.jetbrains.kotlin.com.google.gwt.dev.js.rhino.Parser::eqExpr (50 bytes)
C2 CompilerThread1     3517 1570   !   4       org.jetbrains.kotlin.com.google.gwt.dev.js.rhino.TokenStream::getTokenHelper (2586 bytes)

VM state: at safepoint (normal execution)

VM Mutex/Monitor currently owned by a thread:  ([mutex/lock_event])
[0x000001efee84cb20] Threads_lock - owner thread: 0x000001efee92ea90
[0x000001efee84b800] Heap_lock - owner thread: 0x000001efee850410

Heap address: 0x00000000a0e00000, size: 1522 MB, Compressed Oops mode: 32-bit
CDS archive(s) mapped at: [0x0000000800000000-0x0000000800b50000-0x0000000800b50000), size 11862016, SharedBaseAddress: 0x0000000800000000, ArchiveRelocationMode: 0.
Compressed class space mapped at: 0x0000000800b50000-0x0000000840b50000, size: 1073741824
Narrow klass base: 0x0000000800000000, Narrow klass shift: 3, Narrow klass range: 0x100000000

GC Precious Log:
 CPUs: 8 total, 8 available
 Memory: 6082M
 Large Page Support: Disabled
 NUMA Support: Disabled
 Compressed Oops: Enabled (32-bit)
 Heap Region Size: 1M
 Heap Min Capacity: 8M
 Heap Initial Capacity: 96M
 Heap Max Capacity: 1522M
 Pre-touch: Disabled
 Parallel Workers: 8
 Concurrent Workers: 2
 Concurrent Refinement Workers: 8
 Periodic GC: Disabled

Heap:
 garbage-first heap   total 395264K, used 142848K [0x00000000a0e00000, 0x0000000100000000)
  region size 1024K, 4 young (4096K), 4 survivors (4096K)
 Metaspace       used 10174K, capacity 12993K, committed 13184K, reserved 1060864K
  class space    used 1052K, capacity 1327K, committed 1408K, reserved 1048576K

Heap Regions: E=young(eden), S=young(survivor), O=old, HS=humongous(starts), HC=humongous(continues), CS=collection set, F=free, OA=open archive, CA=closed archive, TAMS=top-at-mark-start (previous, next)
|   0|0x00000000a0e00000, 0x00000000a0f00000, 0x00000000a0f00000|100%|HS|  |TAMS 0x00000000a0e00000, 0x00000000a0f00000| Complete 
|   1|0x00000000a0f00000, 0x00000000a1000000, 0x00000000a1000000|100%|HC|  |TAMS 0x00000000a0f00000, 0x00000000a1000000| Complete 
|   2|0x00000000a1000000, 0x00000000a1100000, 0x00000000a1100000|100%|HC|  |TAMS 0x00000000a1000000, 0x00000000a1100000| Complete 
|   3|0x00000000a1100000, 0x00000000a1200000, 0x00000000a1200000|100%| O|  |TAMS 0x00000000a1100000, 0x00000000a1200000| Untracked 
|   4|0x00000000a1200000, 0x00000000a1300000, 0x00000000a1300000|100%| O|  |TAMS 0x00000000a1200000, 0x00000000a1300000| Untracked 
|   5|0x00000000a1300000, 0x00000000a1400000, 0x00000000a1400000|100%| O|  |TAMS 0x00000000a1300000, 0x00000000a1400000| Untracked 
|   6|0x00000000a1400000, 0x00000000a1500000, 0x00000000a1500000|100%| O|  |TAMS 0x00000000a1400000, 0x00000000a1500000| Untracked 
|   7|0x00000000a1500000, 0x00000000a1600000, 0x00000000a1600000|100%| O|  |TAMS 0x00000000a1500000, 0x00000000a1600000| Untracked 
|   8|0x00000000a1600000, 0x00000000a1700000, 0x00000000a1700000|100%| O|  |TAMS 0x00000000a1600000, 0x00000000a1700000| Untracked 
|   9|0x00000000a1700000, 0x00000000a1800000, 0x00000000a1800000|100%| O|  |TAMS 0x00000000a1700000, 0x00000000a1800000| Untracked 
|  10|0x00000000a1800000, 0x00000000a1900000, 0x00000000a1900000|100%| O|  |TAMS 0x00000000a1800000, 0x00000000a1900000| Untracked 
|  11|0x00000000a1900000, 0x00000000a1a00000, 0x00000000a1a00000|100%|HS|  |TAMS 0x00000000a1900000, 0x00000000a1a00000| Complete 
|  12|0x00000000a1a00000, 0x00000000a1b00000, 0x00000000a1b00000|100%| O|  |TAMS 0x00000000a1a00000, 0x00000000a1b00000| Untracked 
|  13|0x00000000a1b00000, 0x00000000a1c00000, 0x00000000a1c00000|100%| O|  |TAMS 0x00000000a1b00000, 0x00000000a1c00000| Untracked 
|  14|0x00000000a1c00000, 0x00000000a1d00000, 0x00000000a1d00000|100%| O|  |TAMS 0x00000000a1c00000, 0x00000000a1d00000| Untracked 
|  15|0x00000000a1d00000, 0x00000000a1e00000, 0x00000000a1e00000|100%| O|  |TAMS 0x00000000a1d00000, 0x00000000a1e00000| Untracked 
|  16|0x00000000a1e00000, 0x00000000a1f00000, 0x00000000a1f00000|100%| O|  |TAMS 0x00000000a1e00000, 0x00000000a1f00000| Untracked 
|  17|0x00000000a1f00000, 0x00000000a2000000, 0x00000000a2000000|100%| O|  |TAMS 0x00000000a1f00000, 0x00000000a2000000| Untracked 
|  18|0x00000000a2000000, 0x00000000a2100000, 0x00000000a2100000|100%| O|  |TAMS 0x00000000a2000000, 0x00000000a2100000| Untracked 
|  19|0x00000000a2100000, 0x00000000a2200000, 0x00000000a2200000|100%|HS|  |TAMS 0x00000000a2100000, 0x00000000a2200000| Complete 
|  20|0x00000000a2200000, 0x00000000a2300000, 0x00000000a2300000|100%| O|  |TAMS 0x00000000a2200000, 0x00000000a2300000| Untracked 
|  21|0x00000000a2300000, 0x00000000a2400000, 0x00000000a2400000|100%| O|  |TAMS 0x00000000a2300000, 0x00000000a2400000| Untracked 
|  22|0x00000000a2400000, 0x00000000a2500000, 0x00000000a2500000|100%| O|  |TAMS 0x00000000a2400000, 0x00000000a2500000| Untracked 
|  23|0x00000000a2500000, 0x00000000a2600000, 0x00000000a2600000|100%| O|  |TAMS 0x00000000a2500000, 0x00000000a2600000| Untracked 
|  24|0x00000000a2600000, 0x00000000a2700000, 0x00000000a2700000|100%| O|  |TAMS 0x00000000a2600000, 0x00000000a2700000| Untracked 
|  25|0x00000000a2700000, 0x00000000a2800000, 0x00000000a2800000|100%| O|  |TAMS 0x00000000a2700000, 0x00000000a2800000| Untracked 
|  26|0x00000000a2800000, 0x00000000a2900000, 0x00000000a2900000|100%| O|  |TAMS 0x00000000a2800000, 0x00000000a2900000| Untracked 
|  27|0x00000000a2900000, 0x00000000a2a00000, 0x00000000a2a00000|100%| O|  |TAMS 0x00000000a2900000, 0x00000000a2a00000| Untracked 
|  28|0x00000000a2a00000, 0x00000000a2b00000, 0x00000000a2b00000|100%| O|  |TAMS 0x00000000a2a00000, 0x00000000a2b00000| Untracked 
|  29|0x00000000a2b00000, 0x00000000a2c00000, 0x00000000a2c00000|100%| O|  |TAMS 0x00000000a2b00000, 0x00000000a2c00000| Untracked 
|  30|0x00000000a2c00000, 0x00000000a2d00000, 0x00000000a2d00000|100%| O|  |TAMS 0x00000000a2c00000, 0x00000000a2d00000| Untracked 
|  31|0x00000000a2d00000, 0x00000000a2e00000, 0x00000000a2e00000|100%|HS|  |TAMS 0x00000000a2d00000, 0x00000000a2e00000| Complete 
|  32|0x00000000a2e00000, 0x00000000a2f00000, 0x00000000a2f00000|100%|HS|  |TAMS 0x00000000a2e00000, 0x00000000a2f00000| Complete 
|  33|0x00000000a2f00000, 0x00000000a3000000, 0x00000000a3000000|100%| O|  |TAMS 0x00000000a2f00000, 0x00000000a3000000| Untracked 
|  34|0x00000000a3000000, 0x00000000a3100000, 0x00000000a3100000|100%| O|  |TAMS 0x00000000a3000000, 0x00000000a3100000| Untracked 
|  35|0x00000000a3100000, 0x00000000a3200000, 0x00000000a3200000|100%| O|  |TAMS 0x00000000a3100000, 0x00000000a3200000| Untracked 
|  36|0x00000000a3200000, 0x00000000a3300000, 0x00000000a3300000|100%| O|  |TAMS 0x00000000a3200000, 0x00000000a3300000| Untracked 
|  37|0x00000000a3300000, 0x00000000a3400000, 0x00000000a3400000|100%| O|  |TAMS 0x00000000a3300000, 0x00000000a3400000| Untracked 
|  38|0x00000000a3400000, 0x00000000a3500000, 0x00000000a3500000|100%| O|  |TAMS 0x00000000a3400000, 0x00000000a3500000| Untracked 
|  39|0x00000000a3500000, 0x00000000a3600000, 0x00000000a3600000|100%| O|  |TAMS 0x00000000a3500000, 0x00000000a3600000| Untracked 
|  40|0x00000000a3600000, 0x00000000a3700000, 0x00000000a3700000|100%| O|  |TAMS 0x00000000a3600000, 0x00000000a3700000| Untracked 
|  41|0x00000000a3700000, 0x00000000a3800000, 0x00000000a3800000|100%| O|  |TAMS 0x00000000a3700000, 0x00000000a3800000| Untracked 
|  42|0x00000000a3800000, 0x00000000a3900000, 0x00000000a3900000|100%| O|  |TAMS 0x00000000a3800000, 0x00000000a3900000| Untracked 
|  43|0x00000000a3900000, 0x00000000a3a00000, 0x00000000a3a00000|100%| O|  |TAMS 0x00000000a3900000, 0x00000000a3a00000| Untracked 
|  44|0x00000000a3a00000, 0x00000000a3b00000, 0x00000000a3b00000|100%| O|  |TAMS 0x00000000a3a00000, 0x00000000a3b00000| Untracked 
|  45|0x00000000a3b00000, 0x00000000a3c00000, 0x00000000a3c00000|100%| O|  |TAMS 0x00000000a3b00000, 0x00000000a3c00000| Untracked 
|  46|0x00000000a3c00000, 0x00000000a3d00000, 0x00000000a3d00000|100%| O|  |TAMS 0x00000000a3c00000, 0x00000000a3d00000| Untracked 
|  47|0x00000000a3d00000, 0x00000000a3e00000, 0x00000000a3e00000|100%| O|  |TAMS 0x00000000a3d00000, 0x00000000a3e00000| Untracked 
|  48|0x00000000a3e00000, 0x00000000a3f00000, 0x00000000a3f00000|100%| O|  |TAMS 0x00000000a3e00000, 0x00000000a3f00000| Untracked 
|  49|0x00000000a3f00000, 0x00000000a4000000, 0x00000000a4000000|100%| O|  |TAMS 0x00000000a3f00000, 0x00000000a4000000| Untracked 
|  50|0x00000000a4000000, 0x00000000a4100000, 0x00000000a4100000|100%| O|  |TAMS 0x00000000a4000000, 0x00000000a4100000| Untracked 
|  51|0x00000000a4100000, 0x00000000a4200000, 0x00000000a4200000|100%| O|  |TAMS 0x00000000a4100000, 0x00000000a4200000| Untracked 
|  52|0x00000000a4200000, 0x00000000a4300000, 0x00000000a4300000|100%| O|  |TAMS 0x00000000a4200000, 0x00000000a4300000| Untracked 
|  53|0x00000000a4300000, 0x00000000a4400000, 0x00000000a4400000|100%| O|  |TAMS 0x00000000a4300000, 0x00000000a4400000| Untracked 
|  54|0x00000000a4400000, 0x00000000a4500000, 0x00000000a4500000|100%| O|  |TAMS 0x00000000a4400000, 0x00000000a4500000| Untracked 
|  55|0x00000000a4500000, 0x00000000a4600000, 0x00000000a4600000|100%| O|  |TAMS 0x00000000a4500000, 0x00000000a4600000| Untracked 
|  56|0x00000000a4600000, 0x00000000a4700000, 0x00000000a4700000|100%| O|  |TAMS 0x00000000a4600000, 0x00000000a4700000| Untracked 
|  57|0x00000000a4700000, 0x00000000a4800000, 0x00000000a4800000|100%| O|  |TAMS 0x00000000a4700000, 0x00000000a4800000| Untracked 
|  58|0x00000000a4800000, 0x00000000a4900000, 0x00000000a4900000|100%|HS|  |TAMS 0x00000000a4800000, 0x00000000a4900000| Complete 
|  59|0x00000000a4900000, 0x00000000a4a00000, 0x00000000a4a00000|100%|HC|  |TAMS 0x00000000a4900000, 0x00000000a4a00000| Complete 
|  60|0x00000000a4a00000, 0x00000000a4b00000, 0x00000000a4b00000|100%|HC|  |TAMS 0x00000000a4a00000, 0x00000000a4b00000| Complete 
|  61|0x00000000a4b00000, 0x00000000a4c00000, 0x00000000a4c00000|100%| O|  |TAMS 0x00000000a4b00000, 0x00000000a4c00000| Untracked 
|  62|0x00000000a4c00000, 0x00000000a4d00000, 0x00000000a4d00000|100%| O|  |TAMS 0x00000000a4c00000, 0x00000000a4d00000| Untracked 
|  63|0x00000000a4d00000, 0x00000000a4e00000, 0x00000000a4e00000|100%| O|  |TAMS 0x00000000a4d00000, 0x00000000a4e00000| Untracked 
|  64|0x00000000a4e00000, 0x00000000a4f00000, 0x00000000a4f00000|100%| O|  |TAMS 0x00000000a4e00000, 0x00000000a4f00000| Untracked 
|  65|0x00000000a4f00000, 0x00000000a5000000, 0x00000000a5000000|100%| O|  |TAMS 0x00000000a4f00000, 0x00000000a5000000| Untracked 
|  66|0x00000000a5000000, 0x00000000a5100000, 0x00000000a5100000|100%| O|  |TAMS 0x00000000a5000000, 0x00000000a5100000| Untracked 
|  67|0x00000000a5100000, 0x00000000a5200000, 0x00000000a5200000|100%| O|  |TAMS 0x00000000a5100000, 0x00000000a5200000| Untracked 
|  68|0x00000000a5200000, 0x00000000a5300000, 0x00000000a5300000|100%| O|  |TAMS 0x00000000a5200000, 0x00000000a5300000| Untracked 
|  69|0x00000000a5300000, 0x00000000a5400000, 0x00000000a5400000|100%| O|  |TAMS 0x00000000a5300000, 0x00000000a5380000| Untracked 
|  70|0x00000000a5400000, 0x00000000a5500000, 0x00000000a5500000|100%| O|  |TAMS 0x00000000a5400000, 0x00000000a5400000| Untracked 
|  71|0x00000000a5500000, 0x00000000a5600000, 0x00000000a5600000|100%| O|  |TAMS 0x00000000a5500000, 0x00000000a5500000| Untracked 
|  72|0x00000000a5600000, 0x00000000a5700000, 0x00000000a5700000|100%| O|  |TAMS 0x00000000a5600000, 0x00000000a5700000| Untracked 
|  73|0x00000000a5700000, 0x00000000a5800000, 0x00000000a5800000|100%| O|  |TAMS 0x00000000a5700000, 0x00000000a5800000| Untracked 
|  74|0x00000000a5800000, 0x00000000a5900000, 0x00000000a5900000|100%| O|  |TAMS 0x00000000a5800000, 0x00000000a5900000| Untracked 
|  75|0x00000000a5900000, 0x00000000a5a00000, 0x00000000a5a00000|100%| O|  |TAMS 0x00000000a5900000, 0x00000000a5a00000| Untracked 
|  76|0x00000000a5a00000, 0x00000000a5b00000, 0x00000000a5b00000|100%| O|  |TAMS 0x00000000a5a00000, 0x00000000a5b00000| Untracked 
|  77|0x00000000a5b00000, 0x00000000a5c00000, 0x00000000a5c00000|100%| O|  |TAMS 0x00000000a5b00000, 0x00000000a5c00000| Untracked 
|  78|0x00000000a5c00000, 0x00000000a5d00000, 0x00000000a5d00000|100%| O|  |TAMS 0x00000000a5c00000, 0x00000000a5d00000| Untracked 
|  79|0x00000000a5d00000, 0x00000000a5e00000, 0x00000000a5e00000|100%| O|  |TAMS 0x00000000a5d00000, 0x00000000a5e00000| Untracked 
|  80|0x00000000a5e00000, 0x00000000a5f00000, 0x00000000a5f00000|100%| O|  |TAMS 0x00000000a5e00000, 0x00000000a5e00000| Untracked 
|  81|0x00000000a5f00000, 0x00000000a6000000, 0x00000000a6000000|100%| O|  |TAMS 0x00000000a5f00000, 0x00000000a5f00000| Untracked 
|  82|0x00000000a6000000, 0x00000000a6100000, 0x00000000a6100000|100%| O|  |TAMS 0x00000000a6000000, 0x00000000a6000000| Untracked 
|  83|0x00000000a6100000, 0x00000000a6200000, 0x00000000a6200000|100%| O|  |TAMS 0x00000000a6100000, 0x00000000a6100000| Untracked 
|  84|0x00000000a6200000, 0x00000000a6300000, 0x00000000a6300000|100%| O|  |TAMS 0x00000000a6200000, 0x00000000a6200000| Untracked 
|  85|0x00000000a6300000, 0x00000000a6400000, 0x00000000a6400000|100%| O|  |TAMS 0x00000000a6300000, 0x00000000a6300000| Untracked 
|  86|0x00000000a6400000, 0x00000000a6500000, 0x00000000a6500000|100%| O|  |TAMS 0x00000000a6400000, 0x00000000a6400000| Untracked 
|  87|0x00000000a6500000, 0x00000000a6600000, 0x00000000a6600000|100%| O|  |TAMS 0x00000000a6500000, 0x00000000a6500000| Untracked 
|  88|0x00000000a6600000, 0x00000000a6700000, 0x00000000a6700000|100%| O|  |TAMS 0x00000000a6600000, 0x00000000a6600000| Untracked 
|  89|0x00000000a6700000, 0x00000000a6800000, 0x00000000a6800000|100%| O|  |TAMS 0x00000000a6700000, 0x00000000a6700000| Untracked 
|  90|0x00000000a6800000, 0x00000000a6900000, 0x00000000a6900000|100%| O|  |TAMS 0x00000000a6800000, 0x00000000a6800000| Untracked 
|  91|0x00000000a6900000, 0x00000000a6a00000, 0x00000000a6a00000|100%| O|  |TAMS 0x00000000a6900000, 0x00000000a6900000| Untracked 
|  92|0x00000000a6a00000, 0x00000000a6b00000, 0x00000000a6b00000|100%| O|  |TAMS 0x00000000a6a00000, 0x00000000a6a00000| Untracked 
|  93|0x00000000a6b00000, 0x00000000a6c00000, 0x00000000a6c00000|100%| O|  |TAMS 0x00000000a6b00000, 0x00000000a6b00000| Untracked 
|  94|0x00000000a6c00000, 0x00000000a6d00000, 0x00000000a6d00000|100%| O|  |TAMS 0x00000000a6c00000, 0x00000000a6c00000| Untracked 
|  95|0x00000000a6d00000, 0x00000000a6e00000, 0x00000000a6e00000|100%| O|  |TAMS 0x00000000a6d00000, 0x00000000a6d00000| Untracked 
|  96|0x00000000a6e00000, 0x00000000a6f00000, 0x00000000a6f00000|100%| O|  |TAMS 0x00000000a6e00000, 0x00000000a6e00000| Untracked 
|  97|0x00000000a6f00000, 0x00000000a7000000, 0x00000000a7000000|100%| O|  |TAMS 0x00000000a6f00000, 0x00000000a6f00000| Untracked 
|  98|0x00000000a7000000, 0x00000000a7100000, 0x00000000a7100000|100%| O|  |TAMS 0x00000000a7000000, 0x00000000a7000000| Untracked 
|  99|0x00000000a7100000, 0x00000000a7200000, 0x00000000a7200000|100%| O|  |TAMS 0x00000000a7100000, 0x00000000a7100000| Untracked 
| 100|0x00000000a7200000, 0x00000000a7300000, 0x00000000a7300000|100%| O|  |TAMS 0x00000000a7200000, 0x00000000a7200000| Untracked 
| 101|0x00000000a7300000, 0x00000000a7400000, 0x00000000a7400000|100%| O|  |TAMS 0x00000000a7300000, 0x00000000a7300000| Untracked 
| 102|0x00000000a7400000, 0x00000000a7500000, 0x00000000a7500000|100%| O|  |TAMS 0x00000000a7400000, 0x00000000a7400000| Untracked 
| 103|0x00000000a7500000, 0x00000000a7600000, 0x00000000a7600000|100%| O|  |TAMS 0x00000000a7500000, 0x00000000a7500000| Untracked 
| 104|0x00000000a7600000, 0x00000000a7700000, 0x00000000a7700000|100%| O|  |TAMS 0x00000000a7600000, 0x00000000a7600000| Untracked 
| 105|0x00000000a7700000, 0x00000000a7800000, 0x00000000a7800000|100%| O|  |TAMS 0x00000000a7700000, 0x00000000a7700000| Untracked 
| 106|0x00000000a7800000, 0x00000000a7900000, 0x00000000a7900000|100%| O|  |TAMS 0x00000000a7800000, 0x00000000a7800000| Untracked 
| 107|0x00000000a7900000, 0x00000000a7a00000, 0x00000000a7a00000|100%| O|  |TAMS 0x00000000a7900000, 0x00000000a7900000| Untracked 
| 108|0x00000000a7a00000, 0x00000000a7b00000, 0x00000000a7b00000|100%| O|  |TAMS 0x00000000a7a00000, 0x00000000a7a00000| Untracked 
| 109|0x00000000a7b00000, 0x00000000a7c00000, 0x00000000a7c00000|100%| O|  |TAMS 0x00000000a7b00000, 0x00000000a7b00000| Untracked 
| 110|0x00000000a7c00000, 0x00000000a7d00000, 0x00000000a7d00000|100%| O|  |TAMS 0x00000000a7c00000, 0x00000000a7c00000| Untracked 
| 111|0x00000000a7d00000, 0x00000000a7e00000, 0x00000000a7e00000|100%| O|  |TAMS 0x00000000a7d00000, 0x00000000a7d00000| Untracked 
| 112|0x00000000a7e00000, 0x00000000a7f00000, 0x00000000a7f00000|100%| O|  |TAMS 0x00000000a7e00000, 0x00000000a7e00000| Untracked 
| 113|0x00000000a7f00000, 0x00000000a8000000, 0x00000000a8000000|100%| O|  |TAMS 0x00000000a7f00000, 0x00000000a7f00000| Untracked 
| 114|0x00000000a8000000, 0x00000000a8100000, 0x00000000a8100000|100%| O|  |TAMS 0x00000000a8000000, 0x00000000a8000000| Untracked 
| 115|0x00000000a8100000, 0x00000000a8200000, 0x00000000a8200000|100%| O|  |TAMS 0x00000000a8100000, 0x00000000a8100000| Untracked 
| 116|0x00000000a8200000, 0x00000000a8300000, 0x00000000a8300000|100%| O|  |TAMS 0x00000000a8200000, 0x00000000a8200000| Untracked 
| 117|0x00000000a8300000, 0x00000000a8400000, 0x00000000a8400000|100%| O|  |TAMS 0x00000000a8300000, 0x00000000a8300000| Untracked 
| 118|0x00000000a8400000, 0x00000000a8500000, 0x00000000a8500000|100%| O|  |TAMS 0x00000000a8400000, 0x00000000a8400000| Untracked 
| 119|0x00000000a8500000, 0x00000000a8600000, 0x00000000a8600000|100%| O|  |TAMS 0x00000000a8500000, 0x00000000a8500000| Untracked 
| 120|0x00000000a8600000, 0x00000000a8700000, 0x00000000a8700000|100%| O|  |TAMS 0x00000000a8600000, 0x00000000a8600000| Untracked 
| 121|0x00000000a8700000, 0x00000000a8800000, 0x00000000a8800000|100%| O|  |TAMS 0x00000000a8700000, 0x00000000a8700000| Untracked 
| 122|0x00000000a8800000, 0x00000000a8900000, 0x00000000a8900000|100%| O|  |TAMS 0x00000000a8800000, 0x00000000a8800000| Untracked 
| 123|0x00000000a8900000, 0x00000000a8a00000, 0x00000000a8a00000|100%| O|  |TAMS 0x00000000a8900000, 0x00000000a8900000| Untracked 
| 124|0x00000000a8a00000, 0x00000000a8a80000, 0x00000000a8b00000| 50%| O|  |TAMS 0x00000000a8a00000, 0x00000000a8a00000| Untracked 
| 125|0x00000000a8b00000, 0x00000000a8b00000, 0x00000000a8c00000|  0%| F|  |TAMS 0x00000000a8b00000, 0x00000000a8b00000| Untracked 
| 126|0x00000000a8c00000, 0x00000000a8c00000, 0x00000000a8d00000|  0%| F|  |TAMS 0x00000000a8c00000, 0x00000000a8c00000| Untracked 
| 127|0x00000000a8d00000, 0x00000000a8d00000, 0x00000000a8e00000|  0%| F|  |TAMS 0x00000000a8d00000, 0x00000000a8d00000| Untracked 
| 128|0x00000000a8e00000, 0x00000000a8e00000, 0x00000000a8f00000|  0%| F|  |TAMS 0x00000000a8e00000, 0x00000000a8e00000| Untracked 
| 129|0x00000000a8f00000, 0x00000000a8f00000, 0x00000000a9000000|  0%| F|  |TAMS 0x00000000a8f00000, 0x00000000a8f00000| Untracked 
| 130|0x00000000a9000000, 0x00000000a9000000, 0x00000000a9100000|  0%| F|  |TAMS 0x00000000a9000000, 0x00000000a9000000| Untracked 
| 131|0x00000000a9100000, 0x00000000a9100000, 0x00000000a9200000|  0%| F|  |TAMS 0x00000000a9100000, 0x00000000a9100000| Untracked 
| 132|0x00000000a9200000, 0x00000000a9200000, 0x00000000a9300000|  0%| F|  |TAMS 0x00000000a9200000, 0x00000000a9200000| Untracked 
| 133|0x00000000a9300000, 0x00000000a9300000, 0x00000000a9400000|  0%| F|  |TAMS 0x00000000a9300000, 0x00000000a9300000| Untracked 
| 134|0x00000000a9400000, 0x00000000a9400000, 0x00000000a9500000|  0%| F|  |TAMS 0x00000000a9400000, 0x00000000a9400000| Untracked 
| 135|0x00000000a9500000, 0x00000000a9500000, 0x00000000a9600000|  0%| F|  |TAMS 0x00000000a9500000, 0x00000000a9500000| Untracked 
| 136|0x00000000a9600000, 0x00000000a9600000, 0x00000000a9700000|  0%| F|  |TAMS 0x00000000a9600000, 0x00000000a9600000| Untracked 
| 137|0x00000000a9700000, 0x00000000a9700000, 0x00000000a9800000|  0%| F|  |TAMS 0x00000000a9700000, 0x00000000a9700000| Untracked 
| 138|0x00000000a9800000, 0x00000000a9800000, 0x00000000a9900000|  0%| F|  |TAMS 0x00000000a9800000, 0x00000000a9800000| Untracked 
| 139|0x00000000a9900000, 0x00000000a9900000, 0x00000000a9a00000|  0%| F|  |TAMS 0x00000000a9900000, 0x00000000a9900000| Untracked 
| 140|0x00000000a9a00000, 0x00000000a9a00000, 0x00000000a9b00000|  0%| F|  |TAMS 0x00000000a9a00000, 0x00000000a9a00000| Untracked 
| 141|0x00000000a9b00000, 0x00000000a9b00000, 0x00000000a9c00000|  0%| F|  |TAMS 0x00000000a9b00000, 0x00000000a9b00000| Untracked 
| 142|0x00000000a9c00000, 0x00000000a9c00000, 0x00000000a9d00000|  0%| F|  |TAMS 0x00000000a9c00000, 0x00000000a9c00000| Untracked 
| 143|0x00000000a9d00000, 0x00000000a9d00000, 0x00000000a9e00000|  0%| F|  |TAMS 0x00000000a9d00000, 0x00000000a9d00000| Untracked 
| 144|0x00000000a9e00000, 0x00000000a9e00000, 0x00000000a9f00000|  0%| F|  |TAMS 0x00000000a9e00000, 0x00000000a9e00000| Untracked 
| 145|0x00000000a9f00000, 0x00000000a9f00000, 0x00000000aa000000|  0%| F|  |TAMS 0x00000000a9f00000, 0x00000000a9f00000| Untracked 
| 146|0x00000000aa000000, 0x00000000aa000000, 0x00000000aa100000|  0%| F|  |TAMS 0x00000000aa000000, 0x00000000aa000000| Untracked 
| 147|0x00000000aa100000, 0x00000000aa100000, 0x00000000aa200000|  0%| F|  |TAMS 0x00000000aa100000, 0x00000000aa100000| Untracked 
| 148|0x00000000aa200000, 0x00000000aa200000, 0x00000000aa300000|  0%| F|  |TAMS 0x00000000aa200000, 0x00000000aa200000| Untracked 
| 149|0x00000000aa300000, 0x00000000aa300000, 0x00000000aa400000|  0%| F|  |TAMS 0x00000000aa300000, 0x00000000aa300000| Untracked 
| 150|0x00000000aa400000, 0x00000000aa400000, 0x00000000aa500000|  0%| F|  |TAMS 0x00000000aa400000, 0x00000000aa400000| Untracked 
| 151|0x00000000aa500000, 0x00000000aa500000, 0x00000000aa600000|  0%| F|  |TAMS 0x00000000aa500000, 0x00000000aa500000| Untracked 
| 152|0x00000000aa600000, 0x00000000aa600000, 0x00000000aa700000|  0%| F|  |TAMS 0x00000000aa600000, 0x00000000aa600000| Untracked 
| 153|0x00000000aa700000, 0x00000000aa700000, 0x00000000aa800000|  0%| F|  |TAMS 0x00000000aa700000, 0x00000000aa700000| Untracked 
| 154|0x00000000aa800000, 0x00000000aa900000, 0x00000000aa900000|100%| S|CS|TAMS 0x00000000aa800000, 0x00000000aa800000| Complete 
| 155|0x00000000aa900000, 0x00000000aaa00000, 0x00000000aaa00000|100%| S|CS|TAMS 0x00000000aa900000, 0x00000000aa900000| Complete 
| 156|0x00000000aaa00000, 0x00000000aab00000, 0x00000000aab00000|100%| S|CS|TAMS 0x00000000aaa00000, 0x00000000aaa00000| Complete 
| 157|0x00000000aab00000, 0x00000000aac00000, 0x00000000aac00000|100%| S|CS|TAMS 0x00000000aab00000, 0x00000000aab00000| Complete 
| 158|0x00000000aac00000, 0x00000000aac00000, 0x00000000aad00000|  0%| F|  |TAMS 0x00000000aac00000, 0x00000000aac00000| Untracked 
| 159|0x00000000aad00000, 0x00000000aad00000, 0x00000000aae00000|  0%| F|  |TAMS 0x00000000aad00000, 0x00000000aad00000| Untracked 
| 160|0x00000000aae00000, 0x00000000aae00000, 0x00000000aaf00000|  0%| F|  |TAMS 0x00000000aae00000, 0x00000000aae00000| Untracked 
| 161|0x00000000aaf00000, 0x00000000aaf00000, 0x00000000ab000000|  0%| F|  |TAMS 0x00000000aaf00000, 0x00000000aaf00000| Untracked 
| 162|0x00000000ab000000, 0x00000000ab000000, 0x00000000ab100000|  0%| F|  |TAMS 0x00000000ab000000, 0x00000000ab000000| Untracked 
| 163|0x00000000ab100000, 0x00000000ab100000, 0x00000000ab200000|  0%| F|  |TAMS 0x00000000ab100000, 0x00000000ab100000| Untracked 
| 164|0x00000000ab200000, 0x00000000ab200000, 0x00000000ab300000|  0%| F|  |TAMS 0x00000000ab200000, 0x00000000ab200000| Untracked 
| 165|0x00000000ab300000, 0x00000000ab300000, 0x00000000ab400000|  0%| F|  |TAMS 0x00000000ab300000, 0x00000000ab300000| Untracked 
| 166|0x00000000ab400000, 0x00000000ab400000, 0x00000000ab500000|  0%| F|  |TAMS 0x00000000ab400000, 0x00000000ab400000| Untracked 
| 167|0x00000000ab500000, 0x00000000ab500000, 0x00000000ab600000|  0%| F|  |TAMS 0x00000000ab500000, 0x00000000ab500000| Untracked 
| 168|0x00000000ab600000, 0x00000000ab600000, 0x00000000ab700000|  0%| F|  |TAMS 0x00000000ab600000, 0x00000000ab600000| Untracked 
| 169|0x00000000ab700000, 0x00000000ab700000, 0x00000000ab800000|  0%| F|  |TAMS 0x00000000ab700000, 0x00000000ab700000| Untracked 
| 170|0x00000000ab800000, 0x00000000ab800000, 0x00000000ab900000|  0%| F|  |TAMS 0x00000000ab800000, 0x00000000ab800000| Untracked 
| 171|0x00000000ab900000, 0x00000000ab900000, 0x00000000aba00000|  0%| F|  |TAMS 0x00000000ab900000, 0x00000000ab900000| Untracked 
| 172|0x00000000aba00000, 0x00000000aba00000, 0x00000000abb00000|  0%| F|  |TAMS 0x00000000aba00000, 0x00000000aba00000| Untracked 
| 173|0x00000000abb00000, 0x00000000abb00000, 0x00000000abc00000|  0%| F|  |TAMS 0x00000000abb00000, 0x00000000abb00000| Untracked 
| 174|0x00000000abc00000, 0x00000000abc00000, 0x00000000abd00000|  0%| F|  |TAMS 0x00000000abc00000, 0x00000000abc00000| Untracked 
| 175|0x00000000abd00000, 0x00000000abd00000, 0x00000000abe00000|  0%| F|  |TAMS 0x00000000abd00000, 0x00000000abd00000| Untracked 
| 176|0x00000000abe00000, 0x00000000abe00000, 0x00000000abf00000|  0%| F|  |TAMS 0x00000000abe00000, 0x00000000abe00000| Untracked 
| 177|0x00000000abf00000, 0x00000000abf00000, 0x00000000ac000000|  0%| F|  |TAMS 0x00000000abf00000, 0x00000000abf00000| Untracked 
| 178|0x00000000ac000000, 0x00000000ac000000, 0x00000000ac100000|  0%| F|  |TAMS 0x00000000ac000000, 0x00000000ac000000| Untracked 
| 179|0x00000000ac100000, 0x00000000ac100000, 0x00000000ac200000|  0%| F|  |TAMS 0x00000000ac100000, 0x00000000ac100000| Untracked 
| 180|0x00000000ac200000, 0x00000000ac200000, 0x00000000ac300000|  0%| F|  |TAMS 0x00000000ac200000, 0x00000000ac200000| Untracked 
| 181|0x00000000ac300000, 0x00000000ac300000, 0x00000000ac400000|  0%| F|  |TAMS 0x00000000ac300000, 0x00000000ac300000| Untracked 
|1511|0x00000000ff500000, 0x00000000ff600000, 0x00000000ff600000|100%| O|  |TAMS 0x00000000ff500000, 0x00000000ff600000| Untracked 
|1512|0x00000000ff600000, 0x00000000ff700000, 0x00000000ff700000|100%| O|  |TAMS 0x00000000ff600000, 0x00000000ff700000| Untracked 
|1513|0x00000000ff700000, 0x00000000ff800000, 0x00000000ff800000|100%| O|  |TAMS 0x00000000ff700000, 0x00000000ff800000| Untracked 
|1514|0x00000000ff800000, 0x00000000ff900000, 0x00000000ff900000|100%| O|  |TAMS 0x00000000ff800000, 0x00000000ff900000| Untracked 
|1515|0x00000000ff900000, 0x00000000ffa00000, 0x00000000ffa00000|100%| O|  |TAMS 0x00000000ff900000, 0x00000000ffa00000| Untracked 
|1516|0x00000000ffa00000, 0x00000000ffb00000, 0x00000000ffb00000|100%| O|  |TAMS 0x00000000ffa00000, 0x00000000ffb00000| Untracked 
|1517|0x00000000ffb00000, 0x00000000ffc00000, 0x00000000ffc00000|100%| O|  |TAMS 0x00000000ffb00000, 0x00000000ffc00000| Untracked 
|1518|0x00000000ffc00000, 0x00000000ffd00000, 0x00000000ffd00000|100%| O|  |TAMS 0x00000000ffc00000, 0x00000000ffd00000| Untracked 
|1519|0x00000000ffd00000, 0x00000000ffe00000, 0x00000000ffe00000|100%| O|  |TAMS 0x00000000ffd00000, 0x00000000ffe00000| Untracked 
|1520|0x00000000ffe00000, 0x00000000fff00000, 0x00000000fff00000|100%| O|  |TAMS 0x00000000ffe00000, 0x00000000fff00000| Untracked 
|1521|0x00000000fff00000, 0x0000000100000000, 0x0000000100000000|100%| O|  |TAMS 0x00000000fff00000, 0x0000000100000000| Untracked 

Card table byte_map: [0x000001eff70b0000,0x000001eff73b0000] _byte_map_base: 0x000001eff6ba9000

Marking Bits (Prev, Next): (CMBitMap*) 0x000001efee88c050, (CMBitMap*) 0x000001efee88c090
 Prev Bits: [0x000001eff76b0000, 0x000001eff8e78000)
 Next Bits: [0x000001eff8e80000, 0x000001effa648000)

Polling page: 0x000001efec720000

Metaspace:

Usage:
  Non-class:     11.39 MB capacity,     8.91 MB ( 78%) used,     2.48 MB ( 22%) free+waste,     8.38 KB ( <1%) overhead. 
      Class:      1.30 MB capacity,     1.03 MB ( 79%) used,   271.45 KB ( 20%) free+waste,     2.56 KB ( <1%) overhead. 
       Both:     12.69 MB capacity,     9.94 MB ( 78%) used,     2.74 MB ( 22%) free+waste,    10.94 KB ( <1%) overhead. 

Virtual space:
  Non-class space:       12.00 MB reserved,      11.50 MB ( 96%) committed 
      Class space:        1.00 GB reserved,       1.38 MB ( <1%) committed 
             Both:        1.01 GB reserved,      12.88 MB (  1%) committed 

Chunk freelists:
   Non-Class:  46.00 KB
       Class:  17.00 KB
        Both:  63.00 KB

MaxMetaspaceSize: 17179869184.00 GB
CompressedClassSpaceSize: 1.00 GB

CodeHeap 'non-profiled nmethods': size=120000Kb used=782Kb max_used=782Kb free=119217Kb
 bounds [0x000001ef87ad0000, 0x000001ef87d40000, 0x000001ef8f000000]
CodeHeap 'profiled nmethods': size=120000Kb used=3227Kb max_used=3227Kb free=116772Kb
 bounds [0x000001ef805a0000, 0x000001ef808d0000, 0x000001ef87ad0000]
CodeHeap 'non-nmethods': size=5760Kb used=1190Kb max_used=1239Kb free=4569Kb
 bounds [0x000001ef80000000, 0x000001ef80270000, 0x000001ef805a0000]
 total_blobs=1951 nmethods=1501 adapters=363
 compilation: enabled
              stopped_count=0, restarted_count=0
 full_count=0

Compilation events (20 events):
Event: 3.305 Thread 0x000001effd07c2e0 1586       2       org.jetbrains.kotlin.js.backend.ast.JsFor::<init> (9 bytes)
Event: 3.306 Thread 0x000001effd07c2e0 nmethod 1586 0x000001ef808c4690 code [0x000001ef808c4840, 0x000001ef808c4b98]
Event: 3.306 Thread 0x000001effd07c2e0 1588       2       org.jetbrains.kotlin.js.backend.ast.JsPostfixOperation::<init> (7 bytes)
Event: 3.307 Thread 0x000001effd07c2e0 nmethod 1588 0x000001ef808c4c90 code [0x000001ef808c4e40, 0x000001ef808c50d8]
Event: 3.307 Thread 0x000001effd07c2e0 1587       2       org.jetbrains.kotlin.com.google.gwt.dev.js.JsAstMapper::mapPostfixOperation (23 bytes)
Event: 3.308 Thread 0x000001effd07c2e0 nmethod 1587 0x000001ef808c5210 code [0x000001ef808c5420, 0x000001ef808c5978]
Event: 3.312 Thread 0x000001effd07c2e0 1589  s    2       java.util.Vector::isEmpty (13 bytes)
Event: 3.312 Thread 0x000001effd07c2e0 nmethod 1589 0x000001ef808c5d10 code [0x000001ef808c5ea0, 0x000001ef808c6058]
Event: 3.360 Thread 0x000001effd07c2e0 1590       2       org.jetbrains.kotlin.js.backend.ast.JsNumberLiteral::<init> (5 bytes)
Event: 3.360 Thread 0x000001effd07c2e0 nmethod 1590 0x000001ef808c6110 code [0x000001ef808c62a0, 0x000001ef808c63a8]
Event: 3.361 Thread 0x000001effd07c2e0 1591       1       org.jetbrains.kotlin.js.backend.ast.JsSwitch::setExpression (6 bytes)
Event: 3.361 Thread 0x000001effd07c2e0 nmethod 1591 0x000001ef87b83010 code [0x000001ef87b831a0, 0x000001ef87b83298]
Event: 3.377 Thread 0x000001effd07c2e0 1592       2       org.jetbrains.kotlin.js.backend.ast.JsDeclarationScope::getTopLabelScope (38 bytes)
Event: 3.377 Thread 0x000001effd07c2e0 nmethod 1592 0x000001ef808c6490 code [0x000001ef808c6660, 0x000001ef808c6b18]
Event: 3.380 Thread 0x000001effd07c2e0 1594       1       org.jetbrains.kotlin.js.backend.ast.JsDeclarationScope$LabelScope::getLabelName (5 bytes)
Event: 3.381 Thread 0x000001effd07c2e0 nmethod 1594 0x000001ef87b83310 code [0x000001ef87b834a0, 0x000001ef87b83558]
Event: 3.381 Thread 0x000001effd07c2e0 1595       1       org.jetbrains.kotlin.js.backend.ast.JsLabel::setStatement (6 bytes)
Event: 3.381 Thread 0x000001effd07c2e0 nmethod 1595 0x000001ef87b83610 code [0x000001ef87b837a0, 0x000001ef87b83898]
Event: 3.435 Thread 0x000001effdad3860 nmethod 1308 0x000001ef87b83910 code [0x000001ef87b845c0, 0x000001ef87b8d008]
Event: 3.437 Thread 0x000001effdad3860 1570   !   4       org.jetbrains.kotlin.com.google.gwt.dev.js.rhino.TokenStream::getTokenHelper (2586 bytes)

GC Heap History (17 events):
Event: 0.769 GC heap before
{Heap before GC invocations=0 (full 0):
 garbage-first heap   total 98304K, used 26624K [0x00000000a0e00000, 0x0000000100000000)
  region size 1024K, 23 young (23552K), 0 survivors (0K)
 Metaspace       used 6854K, capacity 10043K, committed 10240K, reserved 1058816K
  class space    used 703K, capacity 1005K, committed 1024K, reserved 1048576K
}
Event: 0.774 GC heap after
{Heap after GC invocations=1 (full 0):
 garbage-first heap   total 98304K, used 5684K [0x00000000a0e00000, 0x0000000100000000)
  region size 1024K, 3 young (3072K), 3 survivors (3072K)
 Metaspace       used 6854K, capacity 10043K, committed 10240K, reserved 1058816K
  class space    used 703K, capacity 1005K, committed 1024K, reserved 1048576K
}
Event: 1.351 GC heap before
{Heap before GC invocations=1 (full 0):
 garbage-first heap   total 98304K, used 37428K [0x00000000a0e00000, 0x0000000100000000)
  region size 1024K, 35 young (35840K), 3 survivors (3072K)
 Metaspace       used 10017K, capacity 12929K, committed 13184K, reserved 1060864K
  class space    used 1051K, capacity 1327K, committed 1408K, reserved 1048576K
}
Event: 1.372 GC heap after
{Heap after GC invocations=2 (full 0):
 garbage-first heap   total 98304K, used 12796K [0x00000000a0e00000, 0x0000000100000000)
  region size 1024K, 5 young (5120K), 5 survivors (5120K)
 Metaspace       used 10017K, capacity 12929K, committed 13184K, reserved 1060864K
  class space    used 1051K, capacity 1327K, committed 1408K, reserved 1048576K
}
Event: 1.812 GC heap before
{Heap before GC invocations=2 (full 0):
 garbage-first heap   total 98304K, used 88572K [0x00000000a0e00000, 0x0000000100000000)
  region size 1024K, 55 young (56320K), 5 survivors (5120K)
 Metaspace       used 10103K, capacity 12993K, committed 13184K, reserved 1060864K
  class space    used 1051K, capacity 1327K, committed 1408K, reserved 1048576K
}
Event: 1.868 GC heap after
{Heap after GC invocations=3 (full 0):
 garbage-first heap   total 111616K, used 33718K [0x00000000a0e00000, 0x0000000100000000)
  region size 1024K, 7 young (7168K), 7 survivors (7168K)
 Metaspace       used 10103K, capacity 12993K, committed 13184K, reserved 1060864K
  class space    used 1051K, capacity 1327K, committed 1408K, reserved 1048576K
}
Event: 2.094 GC heap before
{Heap before GC invocations=3 (full 0):
 garbage-first heap   total 111616K, used 73654K [0x00000000a0e00000, 0x0000000100000000)
  region size 1024K, 42 young (43008K), 7 survivors (7168K)
 Metaspace       used 10108K, capacity 12993K, committed 13184K, reserved 1060864K
  class space    used 1051K, capacity 1327K, committed 1408K, reserved 1048576K
}
Event: 2.138 GC heap after
{Heap after GC invocations=4 (full 0):
 garbage-first heap   total 111616K, used 43520K [0x00000000a0e00000, 0x0000000100000000)
  region size 1024K, 6 young (6144K), 6 survivors (6144K)
 Metaspace       used 10108K, capacity 12993K, committed 13184K, reserved 1060864K
  class space    used 1051K, capacity 1327K, committed 1408K, reserved 1048576K
}
Event: 2.387 GC heap before
{Heap before GC invocations=4 (full 0):
 garbage-first heap   total 111616K, used 86528K [0x00000000a0e00000, 0x0000000100000000)
  region size 1024K, 37 young (37888K), 6 survivors (6144K)
 Metaspace       used 10127K, capacity 12993K, committed 13184K, reserved 1060864K
  class space    used 1051K, capacity 1327K, committed 1408K, reserved 1048576K
}
Event: 2.428 GC heap after
{Heap after GC invocations=5 (full 0):
 garbage-first heap   total 197632K, used 62976K [0x00000000a0e00000, 0x0000000100000000)
  region size 1024K, 5 young (5120K), 5 survivors (5120K)
 Metaspace       used 10127K, capacity 12993K, committed 13184K, reserved 1060864K
  class space    used 1051K, capacity 1327K, committed 1408K, reserved 1048576K
}
Event: 2.809 GC heap before
{Heap before GC invocations=5 (full 0):
 garbage-first heap   total 197632K, used 135680K [0x00000000a0e00000, 0x0000000100000000)
  region size 1024K, 61 young (62464K), 5 survivors (5120K)
 Metaspace       used 10162K, capacity 12993K, committed 13184K, reserved 1060864K
  class space    used 1052K, capacity 1327K, committed 1408K, reserved 1048576K
}
Event: 2.843 GC heap after
{Heap after GC invocations=6 (full 0):
 garbage-first heap   total 197632K, used 81920K [0x00000000a0e00000, 0x0000000100000000)
  region size 1024K, 8 young (8192K), 8 survivors (8192K)
 Metaspace       used 10162K, capacity 12993K, committed 13184K, reserved 1060864K
  class space    used 1052K, capacity 1327K, committed 1408K, reserved 1048576K
}
Event: 3.090 GC heap before
{Heap before GC invocations=6 (full 0):
 garbage-first heap   total 197632K, used 132096K [0x00000000a0e00000, 0x0000000100000000)
  region size 1024K, 57 young (58368K), 8 survivors (8192K)
 Metaspace       used 10162K, capacity 12993K, committed 13184K, reserved 1060864K
  class space    used 1052K, capacity 1327K, committed 1408K, reserved 1048576K
}
Event: 3.133 GC heap after
{Heap after GC invocations=7 (full 0):
 garbage-first heap   total 197632K, used 98816K [0x00000000a0e00000, 0x0000000100000000)
  region size 1024K, 8 young (8192K), 8 survivors (8192K)
 Metaspace       used 10162K, capacity 12993K, committed 13184K, reserved 1060864K
  class space    used 1052K, capacity 1327K, committed 1408K, reserved 1048576K
}
Event: 3.316 GC heap before
{Heap before GC invocations=7 (full 0):
 garbage-first heap   total 197632K, used 139776K [0x00000000a0e00000, 0x0000000100000000)
  region size 1024K, 48 young (49152K), 8 survivors (8192K)
 Metaspace       used 10174K, capacity 12993K, committed 13184K, reserved 1060864K
  class space    used 1052K, capacity 1327K, committed 1408K, reserved 1048576K
}
Event: 3.360 GC heap after
{Heap after GC invocations=8 (full 0):
 garbage-first heap   total 197632K, used 120320K [0x00000000a0e00000, 0x0000000100000000)
  region size 1024K, 6 young (6144K), 6 survivors (6144K)
 Metaspace       used 10174K, capacity 12993K, committed 13184K, reserved 1060864K
  class space    used 1052K, capacity 1327K, committed 1408K, reserved 1048576K
}
Event: 3.447 GC heap before
{Heap before GC invocations=8 (full 0):
 garbage-first heap   total 197632K, used 144896K [0x00000000a0e00000, 0x0000000100000000)
  region size 1024K, 30 young (30720K), 6 survivors (6144K)
 Metaspace       used 10174K, capacity 12993K, committed 13184K, reserved 1060864K
  class space    used 1052K, capacity 1327K, committed 1408K, reserved 1048576K
}

Deoptimization events (20 events):
Event: 2.545 Thread 0x000001efee850410 DEOPT PACKING pc=0x000001ef808a686a sp=0x0000004dc4afea50
Event: 2.545 Thread 0x000001efee850410 DEOPT UNPACKING pc=0x000001ef8004e23f sp=0x0000004dc4afe000 mode 0
Event: 2.552 Thread 0x000001efee850410 DEOPT PACKING pc=0x000001ef808a686a sp=0x0000004dc4afea50
Event: 2.552 Thread 0x000001efee850410 DEOPT UNPACKING pc=0x000001ef8004e23f sp=0x0000004dc4afe000 mode 0
Event: 2.578 Thread 0x000001efee850410 Uncommon trap: trap_request=0xffffff45 fr.pc=0x000001ef87b50bf4 relative=0x0000000000004574
Event: 2.578 Thread 0x000001efee850410 Uncommon trap: reason=unstable_if action=reinterpret pc=0x000001ef87b50bf4 method=org.jetbrains.kotlin.com.google.gwt.dev.js.rhino.TokenStream.getTokenHelper()I @ 645 c2
Event: 2.578 Thread 0x000001efee850410 DEOPT PACKING pc=0x000001ef87b50bf4 sp=0x0000004dc4af9100
Event: 2.578 Thread 0x000001efee850410 DEOPT UNPACKING pc=0x000001ef8004e42f sp=0x0000004dc4af90c0 mode 2
Event: 2.675 Thread 0x000001efee850410 Uncommon trap: trap_request=0xffffff45 fr.pc=0x000001ef87b1a640 relative=0x0000000000000220
Event: 2.675 Thread 0x000001efee850410 Uncommon trap: reason=unstable_if action=reinterpret pc=0x000001ef87b1a640 method=java.util.HashMap.getNode(Ljava/lang/Object;)Ljava/util/HashMap$Node; @ 66 c2
Event: 2.675 Thread 0x000001efee850410 DEOPT PACKING pc=0x000001ef87b1a640 sp=0x0000004dc4afdb40
Event: 2.675 Thread 0x000001efee850410 DEOPT UNPACKING pc=0x000001ef8004e42f sp=0x0000004dc4afda40 mode 2
Event: 2.685 Thread 0x000001efee850410 Uncommon trap: trap_request=0xffffff45 fr.pc=0x000001ef87b0cdc0 relative=0x0000000000000220
Event: 2.685 Thread 0x000001efee850410 Uncommon trap: reason=unstable_if action=reinterpret pc=0x000001ef87b0cdc0 method=java.util.HashMap.getNode(Ljava/lang/Object;)Ljava/util/HashMap$Node; @ 66 c2
Event: 2.685 Thread 0x000001efee850410 DEOPT PACKING pc=0x000001ef87b0cdc0 sp=0x0000004dc4afd4e0
Event: 2.685 Thread 0x000001efee850410 DEOPT UNPACKING pc=0x000001ef8004e42f sp=0x0000004dc4afd450 mode 2
Event: 3.037 Thread 0x000001efee850410 Uncommon trap: trap_request=0xffffff45 fr.pc=0x000001ef87b7d244 relative=0x0000000000004ce4
Event: 3.037 Thread 0x000001efee850410 Uncommon trap: reason=unstable_if action=reinterpret pc=0x000001ef87b7d244 method=org.jetbrains.kotlin.com.google.gwt.dev.js.rhino.TokenStream.getTokenHelper()I @ 2520 c2
Event: 3.037 Thread 0x000001efee850410 DEOPT PACKING pc=0x000001ef87b7d244 sp=0x0000004dc4af7b40
Event: 3.037 Thread 0x000001efee850410 DEOPT UNPACKING pc=0x000001ef8004e42f sp=0x0000004dc4af7b08 mode 2

Classes unloaded (0 events):
No events

Classes redefined (0 events):
No events

Internal exceptions (6 events):
Event: 0.486 Thread 0x000001efee850410 Exception <a 'java/lang/NoSuchMethodError'{0x00000000a6298b60}: 'void java.lang.invoke.DirectMethodHandle$Holder.invokeSpecial(java.lang.Object, java.lang.Object, java.lang.Object)'> (0x00000000a6298b60) 
thrown [./open/src/hotspot/share/interpreter/linkResolver.cpp, line 782]
Event: 0.499 Thread 0x000001efee850410 Exception <a 'java/lang/NoSuchMethodError'{0x00000000a62b5b98}: 'java.lang.Object java.lang.invoke.DirectMethodHandle$Holder.invokeStatic(java.lang.Object)'> (0x00000000a62b5b98) 
thrown [./open/src/hotspot/share/interpreter/linkResolver.cpp, line 782]
Event: 0.500 Thread 0x000001efee850410 Exception <a 'java/lang/NoSuchMethodError'{0x00000000a62b9758}: 'java.lang.Object java.lang.invoke.DirectMethodHandle$Holder.invokeStaticInit(java.lang.Object)'> (0x00000000a62b9758) 
thrown [./open/src/hotspot/share/interpreter/linkResolver.cpp, line 782]
Event: 0.502 Thread 0x000001efee850410 Exception <a 'java/lang/NoSuchMethodError'{0x00000000a62bfcf0}: 'java.lang.Object java.lang.invoke.Invokers$Holder.invoke_MT(java.lang.Object, java.lang.Object, java.lang.Object)'> (0x00000000a62bfcf0) 
thrown [./open/src/hotspot/share/interpreter/linkResolver.cpp, line 782]
Event: 0.961 Thread 0x000001efee850410 Exception <a 'java/lang/NoSuchMethodError'{0x00000000a6518738}: 'java.lang.Object java.lang.invoke.DirectMethodHandle$Holder.newInvokeSpecial(java.lang.Object, java.lang.Object, java.lang.Object, java.lang.Object, java.lang.Object)'> (0x00000000a6518738) 
thrown [./open/src/hotspot/share/interpreter/linkResolver.cpp, line 782]
Event: 1.118 Thread 0x000001efee850410 Exception <a 'java/lang/NoSuchMethodError'{0x00000000a61bf370}: 'java.lang.Object java.lang.invoke.DirectMethodHandle$Holder.invokeStaticInit(java.lang.Object, int)'> (0x00000000a61bf370) 
thrown [./open/src/hotspot/share/interpreter/linkResolver.cpp, line 782]

Events (20 events):
Event: 1.198 loading class java/util/AbstractList$Itr done
Event: 1.313 Executing VM operation: HandshakeAllThreads
Event: 1.313 Executing VM operation: HandshakeAllThreads done
Event: 1.351 Executing VM operation: G1CollectForAllocation
Event: 1.372 Executing VM operation: G1CollectForAllocation done
Event: 1.812 Executing VM operation: G1CollectForAllocation
Event: 1.868 Executing VM operation: G1CollectForAllocation done
Event: 2.094 Executing VM operation: G1CollectForAllocation
Event: 2.138 Executing VM operation: G1CollectForAllocation done
Event: 2.387 Executing VM operation: G1CollectForAllocation
Event: 2.428 Executing VM operation: G1CollectForAllocation done
Event: 2.718 loading class jdk/internal/math/FDBigInteger
Event: 2.718 loading class jdk/internal/math/FDBigInteger done
Event: 2.809 Executing VM operation: G1CollectForAllocation
Event: 2.843 Executing VM operation: G1CollectForAllocation done
Event: 3.090 Executing VM operation: G1CollectForAllocation
Event: 3.133 Executing VM operation: G1CollectForAllocation done
Event: 3.316 Executing VM operation: G1CollectForAllocation
Event: 3.360 Executing VM operation: G1CollectForAllocation done
Event: 3.447 Executing VM operation: G1CollectForAllocation


Dynamic libraries:
0x00007ff69a6c0000 - 0x00007ff69a6cd000 	C:\Users\ћарина\.jdks\openjdk-15\bin\java.exe
0x00007ffbbddb0000 - 0x00007ffbbdfa5000 	C:\WINDOWS\SYSTEM32\ntdll.dll
0x00007ffbbc980000 - 0x00007ffbbca3e000 	C:\WINDOWS\System32\KERNEL32.DLL
0x00007ffbbb5b0000 - 0x00007ffbbb878000 	C:\WINDOWS\System32\KERNELBASE.dll
0x00007ffbbb920000 - 0x00007ffbbba20000 	C:\WINDOWS\System32\ucrtbase.dll
0x00007ffbb5190000 - 0x00007ffbb51a9000 	C:\Users\ћарина\.jdks\openjdk-15\bin\VCRUNTIME140.dll
0x00007ffbb51b0000 - 0x00007ffbb51c8000 	C:\Users\ћарина\.jdks\openjdk-15\bin\jli.dll
0x00007ffbbc5b0000 - 0x00007ffbbc750000 	C:\WINDOWS\System32\USER32.dll
0x00007ffbbb880000 - 0x00007ffbbb8a2000 	C:\WINDOWS\System32\win32u.dll
0x00007ffba9c60000 - 0x00007ffba9efa000 	C:\WINDOWS\WinSxS\amd64_microsoft.windows.common-controls_6595b64144ccf1df_6.0.19041.1110_none_60b5254171f9507e\COMCTL32.dll
0x00007ffbbc170000 - 0x00007ffbbc19b000 	C:\WINDOWS\System32\GDI32.dll
0x00007ffbbd430000 - 0x00007ffbbd4ce000 	C:\WINDOWS\System32\msvcrt.dll
0x00007ffbbba50000 - 0x00007ffbbbb5b000 	C:\WINDOWS\System32\gdi32full.dll
0x00007ffbbbd70000 - 0x00007ffbbbe0d000 	C:\WINDOWS\System32\msvcp_win.dll
0x00007ffbbcdb0000 - 0x00007ffbbcde0000 	C:\WINDOWS\System32\IMM32.DLL
0x00007ffbb71d0000 - 0x00007ffbb71dc000 	C:\Users\ћарина\.jdks\openjdk-15\bin\vcruntime140_1.dll
0x00007ffbacd30000 - 0x00007ffbacdc1000 	C:\Users\ћарина\.jdks\openjdk-15\bin\msvcp140.dll
0x00007ffb5bd60000 - 0x00007ffb5c8bc000 	C:\Users\ћарина\.jdks\openjdk-15\bin\server\jvm.dll
0x00007ffbbcbc0000 - 0x00007ffbbcc6e000 	C:\WINDOWS\System32\ADVAPI32.dll
0x00007ffbbd580000 - 0x00007ffbbd61c000 	C:\WINDOWS\System32\sechost.dll
0x00007ffbbc850000 - 0x00007ffbbc975000 	C:\WINDOWS\System32\RPCRT4.dll
0x00007ffbbced0000 - 0x00007ffbbced8000 	C:\WINDOWS\System32\PSAPI.DLL
0x00007ffbb07e0000 - 0x00007ffbb0807000 	C:\WINDOWS\SYSTEM32\WINMM.dll
0x00007ffbb7050000 - 0x00007ffbb7059000 	C:\WINDOWS\SYSTEM32\WSOCK32.dll
0x00007ffbb0a20000 - 0x00007ffbb0a2a000 	C:\WINDOWS\SYSTEM32\VERSION.dll
0x00007ffbbc750000 - 0x00007ffbbc7bb000 	C:\WINDOWS\System32\WS2_32.dll
0x00007ffbb93e0000 - 0x00007ffbb93f2000 	C:\WINDOWS\SYSTEM32\kernel.appcore.dll
0x00007ffbb5450000 - 0x00007ffbb545a000 	C:\Users\ћарина\.jdks\openjdk-15\bin\jimage.dll
0x00007ffbb27e0000 - 0x00007ffbb29c4000 	C:\WINDOWS\SYSTEM32\DBGHELP.DLL
0x00007ffba9f00000 - 0x00007ffba9f2c000 	C:\WINDOWS\SYSTEM32\dbgcore.DLL
0x00007ffbbb4d0000 - 0x00007ffbbb552000 	C:\WINDOWS\System32\bcryptPrimitives.dll
0x00007ffbb50f0000 - 0x00007ffbb5115000 	C:\Users\ћарина\.jdks\openjdk-15\bin\java.dll
0x00007ffbbd620000 - 0x00007ffbbdd64000 	C:\WINDOWS\System32\SHELL32.dll
0x00007ffbb95e0000 - 0x00007ffbb9d74000 	C:\WINDOWS\SYSTEM32\windows.storage.dll
0x00007ffbbbe10000 - 0x00007ffbbc164000 	C:\WINDOWS\System32\combase.dll
0x00007ffbbae60000 - 0x00007ffbbae8c000 	C:\WINDOWS\SYSTEM32\Wldp.dll
0x00007ffbbd4d0000 - 0x00007ffbbd57d000 	C:\WINDOWS\System32\SHCORE.dll
0x00007ffbbce60000 - 0x00007ffbbceb5000 	C:\WINDOWS\System32\shlwapi.dll
0x00007ffbbb410000 - 0x00007ffbbb42f000 	C:\WINDOWS\SYSTEM32\profapi.dll
0x00007ffbb3c70000 - 0x00007ffbb3c89000 	C:\Users\ћарина\.jdks\openjdk-15\bin\net.dll
0x00007ffbb23e0000 - 0x00007ffbb24e9000 	C:\WINDOWS\SYSTEM32\WINHTTP.dll
0x00007ffbbabc0000 - 0x00007ffbbac2a000 	C:\WINDOWS\system32\mswsock.dll
0x00007ffbb3c50000 - 0x00007ffbb3c62000 	C:\Users\ћарина\.jdks\openjdk-15\bin\nio.dll
0x00007ffbb3540000 - 0x00007ffbb3558000 	C:\Users\ћарина\.jdks\openjdk-15\bin\zip.dll
0x00007ffbb50e0000 - 0x00007ffbb50f0000 	C:\Users\ћарина\.jdks\openjdk-15\bin\verify.dll

dbghelp: loaded successfully - version: 4.0.5 - missing functions: none
symbol engine: initialized successfully - sym options: 0x614 - pdb path: .;C:\Users\ћарина\.jdks\openjdk-15\bin;C:\WINDOWS\SYSTEM32;C:\WINDOWS\WinSxS\amd64_microsoft.windows.common-controls_6595b64144ccf1df_6.0.19041.1110_none_60b5254171f9507e;C:\Users\ћарина\.jdks\openjdk-15\bin\server

VM Arguments:
java_command: org.jetbrains.kotlin.cli.js.dce.K2JSDce @C:\rest\client\build\20220406_13887990728843341096.compiler.options
java_class_path (initial): C:\.gradle\caches\modules-2\files-2.1\org.jetbrains.kotlin\kotlin-compiler-embeddable\1.6.10\88f2073f4020cdb83132cfe940ceb9a60aba54ea\kotlin-compiler-embeddable-1.6.10.jar;C:\.gradle\caches\modules-2\files-2.1\org.jetbrains.kotlin\kotlin-reflect\1.6.10\1cbe9c92c12a94eea200d23c2bbaedaf3daf5132\kotlin-reflect-1.6.10.jar;C:\.gradle\caches\modules-2\files-2.1\org.jetbrains.kotlin\kotlin-stdlib\1.6.10\b8af3fe6f1ca88526914929add63cf5e7c5049af\kotlin-stdlib-1.6.10.jar;C:\.gradle\caches\modules-2\files-2.1\org.jetbrains.kotlin\kotlin-script-runtime\1.6.10\d0a7ff2e2500ef497ed0214ae40ad3c8387a6164\kotlin-script-runtime-1.6.10.jar;C:\.gradle\caches\modules-2\files-2.1\org.jetbrains.kotlin\kotlin-daemon-embeddable\1.6.10\a56d79bcbea411fa6058e4ecffc2de73e742bd2a\kotlin-daemon-embeddable-1.6.10.jar;C:\.gradle\caches\modules-2\files-2.1\org.jetbrains.intellij.deps\trove4j\1.0.20181211\216c2e14b070f334479d800987affe4054cd563f\trove4j-1.0.20181211.jar;C:\.gradle\caches\modules-2\files-2.1\net.java.dev.jna\jna\5.6.0\330f2244e9030119ab3030fc3fededc86713d9cc\jna-5.6.0.jar;C:\.gradle\caches\modules-2\files-2.1\org.jetbrains\annotations\13.0\919f0dfe192fb4e063e7dacadee7f8bb9a2672a9\annotations-13.0.jar;C:\.gradle\caches\modules-2\files-2.1\org.jetbrains.kotlin\kotlin-stdlib-common\1.6.10\c118700e3a33c8a0d9adc920e9dec0831171925\kotlin-stdlib-common-1.6.10.jar
Launcher Type: SUN_STANDARD

[Global flags]
     intx CICompilerCount                          = 4                                         {product} {ergonomic}
     uint ConcGCThreads                            = 2                                         {product} {ergonomic}
     uint G1ConcRefinementThreads                  = 8                                         {product} {ergonomic}
   size_t G1HeapRegionSize                         = 1048576                                   {product} {ergonomic}
    uintx GCDrainStackTargetSize                   = 64                                        {product} {ergonomic}
   size_t InitialHeapSize                          = 100663296                                 {product} {ergonomic}
   size_t MarkStackSize                            = 4194304                                   {product} {ergonomic}
   size_t MaxHeapSize                              = 1595932672                                {product} {ergonomic}
   size_t MaxNewSize                               = 957349888                                 {product} {ergonomic}
   size_t MinHeapDeltaBytes                        = 1048576                                   {product} {ergonomic}
   size_t MinHeapSize                              = 8388608                                   {product} {ergonomic}
    uintx NonNMethodCodeHeapSize                   = 5839372                                {pd product} {ergonomic}
    uintx NonProfiledCodeHeapSize                  = 122909434                              {pd product} {ergonomic}
    uintx ProfiledCodeHeapSize                     = 122909434                              {pd product} {ergonomic}
    uintx ReservedCodeCacheSize                    = 251658240                              {pd product} {ergonomic}
     bool SegmentedCodeCache                       = true                                      {product} {ergonomic}
   size_t SoftMaxHeapSize                          = 1595932672                             {manageable} {ergonomic}
     bool UseCompressedClassPointers               = true                                 {lp64_product} {ergonomic}
     bool UseCompressedOops                        = true                                 {lp64_product} {ergonomic}
     bool UseG1GC                                  = true                                      {product} {ergonomic}
     bool UseLargePagesIndividualAllocation        = false                                  {pd product} {ergonomic}

Logging:
Log output configuration:
 #0: stdout all=warning uptime,level,tags
 #1: stderr all=off uptime,level,tags

Environment Variables:
PATH=C:\Program Files (x86)\VMware\VMware Player\bin\;C:\Program Files (x86)\Common Files\Oracle\Java\javapath;C:\WINDOWS\system32;C:\WINDOWS;C:\WINDOWS\System32\Wbem;C:\WINDOWS\System32\WindowsPowerShell\v1.0\;C:\WINDOWS\System32\OpenSSH\;C:\Program Files\MATLAB\R2010a\runtime\win64;C:\Program Files\MATLAB\R2010a\bin;C:\Program Files\Common Files\Autodesk Shared\;C:\Users\ћарина\AppData\Local\Microsoft\WindowsApps;;C:\Users\ћарина\AppData\Local\Programs\Microsoft VS Code\bin;C:\Program Files\JetBrains\IntelliJ IDEA 2021.2.2\bin;;C:\Program Files\JetBrains\IntelliJ IDEA Community Edition 2021.2.3\bin;
USERNAME=Marina
OS=Windows_NT
PROCESSOR_IDENTIFIER=AMD64 Family 23 Model 24 Stepping 1, AuthenticAMD



---------------  S Y S T E M  ---------------

OS:
 Windows 10 , 64 bit Build 19041 (10.0.19041.1566)
OS uptime: 1 days 6:00 hours

CPU: total 8 (initial active 8) (8 cores per cpu, 2 threads per core) family 23 model 24 stepping 1, cmov, cx8, fxsr, mmx, sse, sse2, sse3, ssse3, sse4.1, sse4.2, popcnt, vzeroupper, avx, avx2, aes, clmul, 3dnowpref, lzcnt, sse4a, ht, tsc, tscinvbit, tscinv, bmi1, bmi2, adx, sha, fma, clflush, clflushopt

Memory: 4k page, system-wide physical 6082M (342M free)
TotalPageFile size 24506M (AvailPageFile size 55M)
current process WorkingSet (physical memory assigned to process): 306M, peak: 306M
current process commit charge ("private bytes"): 359M, peak: 550M

vm_info: OpenJDK 64-Bit Server VM (15+36-1562) for windows-amd64 JRE (15+36-1562), built on Aug 11 2020 22:33:04 by "mach5one" with unknown MS VC++:1925

END.
